<?xml version="1.0" encoding="UTF-8"?>
<testsuite name="com.example.crm.service.impl.AuthenticationServiceImplTest" tests="1" skipped="0" failures="1" errors="0" timestamp="2024-09-27T14:48:43" hostname="WIN-OSR1GDBBLHF" time="0.885">
  <properties/>
  <testcase name="registrationNewMember()" classname="com.example.crm.service.impl.AuthenticationServiceImplTest" time="0.885">
    <failure message="Argument(s) are different! Wanted:&#10;passwordEncoder.encode(&quot;Qq123321&quot;);&#10;-&gt; at com.example.crm.service.impl.AuthenticationServiceImplTest.registrationNewMember(AuthenticationServiceImplTest.java:64)&#10;Actual invocations have different arguments:&#10;passwordEncoder.encode(&quot;123321&quot;);&#10;-&gt; at com.example.crm.service.impl.AuthenticationServiceImpl.registrationNewMember(AuthenticationServiceImpl.java:29)&#10;" type="org.mockito.exceptions.verification.opentest4j.ArgumentsAreDifferent">Argument(s) are different! Wanted:
passwordEncoder.encode(&quot;Qq123321&quot;);
-&gt; at com.example.crm.service.impl.AuthenticationServiceImplTest.registrationNewMember(AuthenticationServiceImplTest.java:64)
Actual invocations have different arguments:
passwordEncoder.encode(&quot;123321&quot;);
-&gt; at com.example.crm.service.impl.AuthenticationServiceImpl.registrationNewMember(AuthenticationServiceImpl.java:29)

	at app//com.example.crm.service.impl.AuthenticationServiceImplTest.registrationNewMember(AuthenticationServiceImplTest.java:64)
	at java.base@22.0.1/java.lang.reflect.Method.invoke(Method.java:580)
	at java.base@22.0.1/java.util.ArrayList.forEach(ArrayList.java:1597)
	at java.base@22.0.1/java.util.ArrayList.forEach(ArrayList.java:1597)
</failure>
  </testcase>
  <system-out><![CDATA[]]></system-out>
  <system-err><![CDATA[WARNING: A Java agent has been loaded dynamically (C:\Users\user\.gradle\caches\modules-2\files-2.1\net.bytebuddy\byte-buddy-agent\1.14.17\e3c251a39dc90badaf71c83427ba46840f219d8d\byte-buddy-agent-1.14.17.jar)
WARNING: If a serviceability tool is in use, please run with -XX:+EnableDynamicAgentLoading to hide this warning
WARNING: If a serviceability tool is not in use, please run with -Djdk.instrument.traceUsage for more information
WARNING: Dynamic loading of agents will be disallowed by default in a future release
]]></system-err>
</testsuite>
